# JRE version: Java(TM) SE Runtime Environment (17.0.12+8) (build 17.0.12+8-LTS-286)
# Java VM: Java HotSpot(TM) 64-Bit Server VM (17.0.12+8-LTS-286, mixed mode, emulated-client, sharing, tiered, compressed oops, compressed class ptrs, g1 gc, windows-amd64)
GC Precious Log:
 CPUs: 8 total, 8 available
 Memory: 6082M
 Large Page Support: Disabled
 NUMA Support: Disabled
 Compressed Oops: Enabled (32-bit)
 Heap Region Size: 1M
 Heap Min Capacity: 8M
 Heap Initial Capacity: 96M
 Heap Max Capacity: 1522M
 Pre-touch: Disabled
 Parallel Workers: 8
 Concurrent Workers: 2
 Concurrent Refinement Workers: 8
 Periodic GC: Disabled
Heap:
 garbage-first heap   total 98304K, used 39887K [0x00000000a0e00000, 0x0000000100000000)
  region size 1024K, 3 young (3072K), 1 survivors (1024K)
 Metaspace       used 98670K, committed 99264K, reserved 1179648K
  class space    used 14544K, committed 14784K, reserved 1048576K
GC Heap History (20 events):
Event: 25097.377 GC heap before
{Heap before GC invocations=216 (full 0):
 garbage-first heap   total 98304K, used 85464K [0x00000000a0e00000, 0x0000000100000000)
  region size 1024K, 47 young (48128K), 1 survivors (1024K)
 Metaspace       used 98482K, committed 99072K, reserved 1179648K
  class space    used 14502K, committed 14784K, reserved 1048576K
}
Event: 25097.585 GC heap after
{Heap after GC invocations=217 (full 0):
 garbage-first heap   total 98304K, used 38792K [0x00000000a0e00000, 0x0000000100000000)
  region size 1024K, 1 young (1024K), 1 survivors (1024K)
 Metaspace       used 98482K, committed 99072K, reserved 1179648K
  class space    used 14502K, committed 14784K, reserved 1048576K
}
Event: 25460.489 GC heap before
{Heap before GC invocations=218 (full 0):
 garbage-first heap   total 98304K, used 85896K [0x00000000a0e00000, 0x0000000100000000)
  region size 1024K, 47 young (48128K), 1 survivors (1024K)
 Metaspace       used 98484K, committed 99072K, reserved 1179648K
  class space    used 14502K, committed 14784K, reserved 1048576K
}
Event: 25460.643 GC heap after
{Heap after GC invocations=219 (full 0):
 garbage-first heap   total 98304K, used 38822K [0x00000000a0e00000, 0x0000000100000000)
  region size 1024K, 1 young (1024K), 1 survivors (1024K)
 Metaspace       used 98484K, committed 99072K, reserved 1179648K
  class space    used 14502K, committed 14784K, reserved 1048576K
}
Event: 25485.880 GC heap before
{Heap before GC invocations=219 (full 0):
 garbage-first heap   total 98304K, used 41894K [0x00000000a0e00000, 0x0000000100000000)
  region size 1024K, 4 young (4096K), 1 survivors (1024K)
 Metaspace       used 98484K, committed 99072K, reserved 1179648K
  class space    used 14502K, committed 14784K, reserved 1048576K
}
Event: 25486.064 GC heap after
{Heap after GC invocations=220 (full 0):
 garbage-first heap   total 98304K, used 38528K [0x00000000a0e00000, 0x0000000100000000)
  region size 1024K, 1 young (1024K), 1 survivors (1024K)
 Metaspace       used 98484K, committed 99072K, reserved 1179648K
  class space    used 14502K, committed 14784K, reserved 1048576K
}
Event: 25849.411 GC heap before
{Heap before GC invocations=220 (full 0):
 garbage-first heap   total 98304K, used 85632K [0x00000000a0e00000, 0x0000000100000000)
  region size 1024K, 47 young (48128K), 1 survivors (1024K)
 Metaspace       used 98494K, committed 99072K, reserved 1179648K
  class space    used 14504K, committed 14784K, reserved 1048576K
}
Event: 25849.460 GC heap after
{Heap after GC invocations=221 (full 0):
 garbage-first heap   total 98304K, used 38705K [0x00000000a0e00000, 0x0000000100000000)
  region size 1024K, 1 young (1024K), 1 survivors (1024K)
 Metaspace       used 98494K, committed 99072K, reserved 1179648K
  class space    used 14504K, committed 14784K, reserved 1048576K
}
Event: 26220.471 GC heap before
{Heap before GC invocations=221 (full 0):
 garbage-first heap   total 98304K, used 85809K [0x00000000a0e00000, 0x0000000100000000)
  region size 1024K, 47 young (48128K), 1 survivors (1024K)
 Metaspace       used 98494K, committed 99072K, reserved 1179648K
  class space    used 14504K, committed 14784K, reserved 1048576K
}
Event: 26220.518 GC heap after
{Heap after GC invocations=222 (full 0):
 garbage-first heap   total 98304K, used 38753K [0x00000000a0e00000, 0x0000000100000000)
  region size 1024K, 1 young (1024K), 1 survivors (1024K)
 Metaspace       used 98494K, committed 99072K, reserved 1179648K
  class space    used 14504K, committed 14784K, reserved 1048576K
}
Event: 26591.482 GC heap before
{Heap before GC invocations=222 (full 0):
 garbage-first heap   total 98304K, used 85857K [0x00000000a0e00000, 0x0000000100000000)
  region size 1024K, 47 young (48128K), 1 survivors (1024K)
 Metaspace       used 98494K, committed 99072K, reserved 1179648K
  class space    used 14504K, committed 14784K, reserved 1048576K
}
Event: 26591.618 GC heap after
{Heap after GC invocations=223 (full 0):
 garbage-first heap   total 98304K, used 38802K [0x00000000a0e00000, 0x0000000100000000)
  region size 1024K, 1 young (1024K), 1 survivors (1024K)
 Metaspace       used 98494K, committed 99072K, reserved 1179648K
  class space    used 14504K, committed 14784K, reserved 1048576K
}
Event: 26973.755 GC heap before
{Heap before GC invocations=224 (full 0):
 garbage-first heap   total 98304K, used 85906K [0x00000000a0e00000, 0x0000000100000000)
  region size 1024K, 47 young (48128K), 1 survivors (1024K)
 Metaspace       used 98484K, committed 99072K, reserved 1179648K
  class space    used 14502K, committed 14784K, reserved 1048576K
}
Event: 26973.887 GC heap after
{Heap after GC invocations=225 (full 0):
 garbage-first heap   total 98304K, used 38815K [0x00000000a0e00000, 0x0000000100000000)
  region size 1024K, 1 young (1024K), 1 survivors (1024K)
 Metaspace       used 98484K, committed 99072K, reserved 1179648K
  class space    used 14502K, committed 14784K, reserved 1048576K
}
Event: 26998.447 GC heap before
{Heap before GC invocations=225 (full 0):
 garbage-first heap   total 98304K, used 41887K [0x00000000a0e00000, 0x0000000100000000)
  region size 1024K, 4 young (4096K), 1 survivors (1024K)
 Metaspace       used 98484K, committed 99072K, reserved 1179648K
  class space    used 14502K, committed 14784K, reserved 1048576K
}
Event: 26998.573 GC heap after
{Heap after GC invocations=226 (full 0):
 garbage-first heap   total 98304K, used 38475K [0x00000000a0e00000, 0x0000000100000000)
  region size 1024K, 1 young (1024K), 1 survivors (1024K)
 Metaspace       used 98484K, committed 99072K, reserved 1179648K
  class space    used 14502K, committed 14784K, reserved 1048576K
}
Event: 27362.570 GC heap before
{Heap before GC invocations=226 (full 0):
 garbage-first heap   total 98304K, used 85579K [0x00000000a0e00000, 0x0000000100000000)
  region size 1024K, 47 young (48128K), 1 survivors (1024K)
 Metaspace       used 98484K, committed 99072K, reserved 1179648K
  class space    used 14502K, committed 14784K, reserved 1048576K
}
Event: 27362.633 GC heap after
{Heap after GC invocations=227 (full 0):
 garbage-first heap   total 98304K, used 38685K [0x00000000a0e00000, 0x0000000100000000)
  region size 1024K, 1 young (1024K), 1 survivors (1024K)
 Metaspace       used 98484K, committed 99072K, reserved 1179648K
  class space    used 14502K, committed 14784K, reserved 1048576K
}
Event: 27726.492 GC heap before
{Heap before GC invocations=227 (full 0):
 garbage-first heap   total 98304K, used 85789K [0x00000000a0e00000, 0x0000000100000000)
  region size 1024K, 47 young (48128K), 1 survivors (1024K)
 Metaspace       used 98570K, committed 99136K, reserved 1179648K
  class space    used 14522K, committed 14784K, reserved 1048576K
}
Event: 27726.532 GC heap after
{Heap after GC invocations=228 (full 0):
 garbage-first heap   total 98304K, used 38863K [0x00000000a0e00000, 0x0000000100000000)
  region size 1024K, 1 young (1024K), 1 survivors (1024K)
 Metaspace       used 98570K, committed 99136K, reserved 1179648K
  class space    used 14522K, committed 14784K, reserved 1048576K
}

